
> vibe-generated-app@1.0.0 dev
> vite


  VITE v5.4.20  ready in 1192 ms

  ➜  Local:   http://localhost:3000/
  ➜  Network: http://172.20.0.82:3000/
10:14:28 PM [vite] Pre-transform error: Transform failed with 1 error:
/home/workspace/src/components/Pages.jsx:91:23: ERROR: Expected ";" but found "n"
10:14:28 PM [vite] Internal server error: Transform failed with 1 error:
/home/workspace/src/components/Pages.jsx:91:23: ERROR: Expected ";" but found "n"
  Plugin: vite:esbuild
  File: /home/workspace/src/components/Pages.jsx:91:23
  
  Expected ";" but found "n"
  89 |  
  90 |    const [estimate, setEstimate] = React.useState(null)
  91 |    const calc = async ()n  => {
     |                         ^
  92 |      try {
  93 |        const res = await fetch(`${backend}/api/estimate`, {
  
      at failureErrorWithLog (/home/workspace/node_modules/esbuild/lib/main.js:1472:15)
      at /home/workspace/node_modules/esbuild/lib/main.js:755:50
      at responseCallbacks.<computed> (/home/workspace/node_modules/esbuild/lib/main.js:622:9)
      at handleIncomingPacket (/home/workspace/node_modules/esbuild/lib/main.js:677:12)
      at Socket.readFromStdout (/home/workspace/node_modules/esbuild/lib/main.js:600:7)
      at Socket.emit (node:events:508:28)
      at addChunk (node:internal/streams/readable:559:12)
      at readableAddChunkPushByteMode (node:internal/streams/readable:510:3)
      at Readable.push (node:internal/streams/readable:390:5)
      at Pipe.onStreamRead (node:internal/stream_base_commons:189:23)
10:14:45 PM [vite] Internal server error: Transform failed with 1 error:
/home/workspace/src/components/Pages.jsx:91:23: ERROR: Expected ";" but found "n"
  Plugin: vite:esbuild
  File: /home/workspace/src/components/Pages.jsx:91:23
  
  Expected ";" but found "n"
  89 |  
  90 |    const [estimate, setEstimate] = React.useState(null)
  91 |    const calc = async ()n  => {
     |                         ^
  92 |      try {
  93 |        const res = await fetch(`${backend}/api/estimate`, {
  
      at failureErrorWithLog (/home/workspace/node_modules/esbuild/lib/main.js:1472:15)
      at /home/workspace/node_modules/esbuild/lib/main.js:755:50
      at responseCallbacks.<computed> (/home/workspace/node_modules/esbuild/lib/main.js:622:9)
      at handleIncomingPacket (/home/workspace/node_modules/esbuild/lib/main.js:677:12)
      at Socket.readFromStdout (/home/workspace/node_modules/esbuild/lib/main.js:600:7)
      at Socket.emit (node:events:508:28)
      at addChunk (node:internal/streams/readable:559:12)
      at readableAddChunkPushByteMode (node:internal/streams/readable:510:3)
      at Readable.push (node:internal/streams/readable:390:5)
      at Pipe.onStreamRead (node:internal/stream_base_commons:189:23)
10:15:36 PM [vite] Internal server error: Transform failed with 1 error:
/home/workspace/src/components/Pages.jsx:91:23: ERROR: Expected ";" but found "n"
  Plugin: vite:esbuild
  File: /home/workspace/src/components/Pages.jsx:91:23
  
  Expected ";" but found "n"
  89 |  
  90 |    const [estimate, setEstimate] = React.useState(null)
  91 |    const calc = async ()n  => {
     |                         ^
  92 |      try {
  93 |        const res = await fetch(`${backend}/api/estimate`, {
  
      at failureErrorWithLog (/home/workspace/node_modules/esbuild/lib/main.js:1472:15)
      at /home/workspace/node_modules/esbuild/lib/main.js:755:50
      at responseCallbacks.<computed> (/home/workspace/node_modules/esbuild/lib/main.js:622:9)
      at handleIncomingPacket (/home/workspace/node_modules/esbuild/lib/main.js:677:12)
      at Socket.readFromStdout (/home/workspace/node_modules/esbuild/lib/main.js:600:7)
      at Socket.emit (node:events:508:28)
      at addChunk (node:internal/streams/readable:559:12)
      at readableAddChunkPushByteMode (node:internal/streams/readable:510:3)
      at Readable.push (node:internal/streams/readable:390:5)
      at Pipe.onStreamRead (node:internal/stream_base_commons:189:23)
